<?xml version="1.0" encoding="UTF-8"?>
<testsuite name="com.gl.profilesDemo.ProfilesDemoApplicationTests" tests="1" skipped="0" failures="0" errors="0" timestamp="2023-07-22T06:55:32" hostname="DESKTOP-TDF8R4M" time="0.393">
  <properties/>
  <testcase name="contextLoads" classname="com.gl.profilesDemo.ProfilesDemoApplicationTests" time="0.393"/>
  <system-out><![CDATA[12:25:28.422 [Test worker] DEBUG org.springframework.test.context.junit4.SpringJUnit4ClassRunner - SpringJUnit4ClassRunner constructor called with [class com.gl.profilesDemo.ProfilesDemoApplicationTests]
12:25:28.450 [Test worker] DEBUG org.springframework.test.context.BootstrapUtils - Instantiating CacheAwareContextLoaderDelegate from class [org.springframework.test.context.cache.DefaultCacheAwareContextLoaderDelegate]
12:25:28.463 [Test worker] DEBUG org.springframework.test.context.BootstrapUtils - Instantiating BootstrapContext using constructor [public org.springframework.test.context.support.DefaultBootstrapContext(java.lang.Class,org.springframework.test.context.CacheAwareContextLoaderDelegate)]
12:25:28.495 [Test worker] DEBUG org.springframework.test.context.BootstrapUtils - Instantiating TestContextBootstrapper for test class [com.gl.profilesDemo.ProfilesDemoApplicationTests] from class [org.springframework.boot.test.context.SpringBootTestContextBootstrapper]
12:25:28.519 [Test worker] INFO org.springframework.boot.test.context.SpringBootTestContextBootstrapper - Neither @ContextConfiguration nor @ContextHierarchy found for test class [com.gl.profilesDemo.ProfilesDemoApplicationTests], using SpringBootContextLoader
12:25:28.525 [Test worker] DEBUG org.springframework.test.context.support.AbstractContextLoader - Did not detect default resource location for test class [com.gl.profilesDemo.ProfilesDemoApplicationTests]: class path resource [com/gl/profilesDemo/ProfilesDemoApplicationTests-context.xml] does not exist
12:25:28.525 [Test worker] DEBUG org.springframework.test.context.support.AbstractContextLoader - Did not detect default resource location for test class [com.gl.profilesDemo.ProfilesDemoApplicationTests]: class path resource [com/gl/profilesDemo/ProfilesDemoApplicationTestsContext.groovy] does not exist
12:25:28.526 [Test worker] INFO org.springframework.test.context.support.AbstractContextLoader - Could not detect default resource locations for test class [com.gl.profilesDemo.ProfilesDemoApplicationTests]: no resource found for suffixes {-context.xml, Context.groovy}.
12:25:28.528 [Test worker] INFO org.springframework.test.context.support.AnnotationConfigContextLoaderUtils - Could not detect default configuration classes for test class [com.gl.profilesDemo.ProfilesDemoApplicationTests]: ProfilesDemoApplicationTests does not declare any static, non-private, non-final, nested classes annotated with @Configuration.
12:25:28.586 [Test worker] DEBUG org.springframework.test.context.support.ActiveProfilesUtils - Could not find an 'annotation declaring class' for annotation type [org.springframework.test.context.ActiveProfiles] and class [com.gl.profilesDemo.ProfilesDemoApplicationTests]
12:25:28.702 [Test worker] DEBUG org.springframework.context.annotation.ClassPathScanningCandidateComponentProvider - Identified candidate component class: file [F:\Microservices_GreenLearner\profilesDemo\build\classes\java\main\com\gl\profilesDemo\ProfilesDemoApplication.class]
12:25:28.704 [Test worker] INFO org.springframework.boot.test.context.SpringBootTestContextBootstrapper - Found @SpringBootConfiguration com.gl.profilesDemo.ProfilesDemoApplication for test class com.gl.profilesDemo.ProfilesDemoApplicationTests
12:25:28.901 [Test worker] DEBUG org.springframework.boot.test.context.SpringBootTestContextBootstrapper - @TestExecutionListeners is not present for class [com.gl.profilesDemo.ProfilesDemoApplicationTests]: using defaults.
12:25:28.902 [Test worker] INFO org.springframework.boot.test.context.SpringBootTestContextBootstrapper - Loaded default TestExecutionListener class names from location [META-INF/spring.factories]: [org.springframework.boot.test.autoconfigure.restdocs.RestDocsTestExecutionListener, org.springframework.boot.test.autoconfigure.web.client.MockRestServiceServerResetTestExecutionListener, org.springframework.boot.test.autoconfigure.web.servlet.MockMvcPrintOnlyOnFailureTestExecutionListener, org.springframework.boot.test.autoconfigure.web.servlet.WebDriverTestExecutionListener, org.springframework.boot.test.mock.mockito.MockitoTestExecutionListener, org.springframework.boot.test.mock.mockito.ResetMocksTestExecutionListener, org.springframework.test.context.web.ServletTestExecutionListener, org.springframework.test.context.support.DirtiesContextBeforeModesTestExecutionListener, org.springframework.test.context.support.DependencyInjectionTestExecutionListener, org.springframework.test.context.support.DirtiesContextTestExecutionListener, org.springframework.test.context.transaction.TransactionalTestExecutionListener, org.springframework.test.context.jdbc.SqlScriptsTestExecutionListener]
12:25:28.919 [Test worker] DEBUG org.springframework.boot.test.context.SpringBootTestContextBootstrapper - Skipping candidate TestExecutionListener [org.springframework.test.context.transaction.TransactionalTestExecutionListener] due to a missing dependency. Specify custom listener classes or make the default listener classes and their required dependencies available. Offending class: [org/springframework/transaction/interceptor/TransactionAttributeSource]
12:25:28.920 [Test worker] DEBUG org.springframework.boot.test.context.SpringBootTestContextBootstrapper - Skipping candidate TestExecutionListener [org.springframework.test.context.jdbc.SqlScriptsTestExecutionListener] due to a missing dependency. Specify custom listener classes or make the default listener classes and their required dependencies available. Offending class: [org/springframework/transaction/interceptor/TransactionAttribute]
12:25:28.921 [Test worker] INFO org.springframework.boot.test.context.SpringBootTestContextBootstrapper - Using TestExecutionListeners: [org.springframework.test.context.web.ServletTestExecutionListener@9c0294, org.springframework.test.context.support.DirtiesContextBeforeModesTestExecutionListener@150ce55, org.springframework.boot.test.mock.mockito.MockitoTestExecutionListener@148b919, org.springframework.boot.test.autoconfigure.SpringBootDependencyInjectionTestExecutionListener@9edd10, org.springframework.test.context.support.DirtiesContextTestExecutionListener@46eb35, org.springframework.boot.test.autoconfigure.restdocs.RestDocsTestExecutionListener@169b90e, org.springframework.boot.test.autoconfigure.web.client.MockRestServiceServerResetTestExecutionListener@1e95fcb, org.springframework.boot.test.autoconfigure.web.servlet.MockMvcPrintOnlyOnFailureTestExecutionListener@189633b, org.springframework.boot.test.autoconfigure.web.servlet.WebDriverTestExecutionListener@112a3c, org.springframework.boot.test.mock.mockito.ResetMocksTestExecutionListener@404779]
12:25:28.925 [Test worker] DEBUG org.springframework.test.annotation.ProfileValueUtils - Retrieved @ProfileValueSourceConfiguration [null] for test class [com.gl.profilesDemo.ProfilesDemoApplicationTests]
12:25:28.926 [Test worker] DEBUG org.springframework.test.annotation.ProfileValueUtils - Retrieved ProfileValueSource type [class org.springframework.test.annotation.SystemProfileValueSource] for class [com.gl.profilesDemo.ProfilesDemoApplicationTests]
12:25:28.926 [Test worker] DEBUG org.springframework.test.annotation.ProfileValueUtils - Retrieved @ProfileValueSourceConfiguration [null] for test class [com.gl.profilesDemo.ProfilesDemoApplicationTests]
12:25:28.927 [Test worker] DEBUG org.springframework.test.annotation.ProfileValueUtils - Retrieved ProfileValueSource type [class org.springframework.test.annotation.SystemProfileValueSource] for class [com.gl.profilesDemo.ProfilesDemoApplicationTests]
12:25:28.934 [Test worker] DEBUG org.springframework.test.context.support.AbstractDirtiesContextTestExecutionListener - Before test class: context [DefaultTestContext@13f2562 testClass = ProfilesDemoApplicationTests, testInstance = [null], testMethod = [null], testException = [null], mergedContextConfiguration = [WebMergedContextConfiguration@155f38a testClass = ProfilesDemoApplicationTests, locations = '{}', classes = '{class com.gl.profilesDemo.ProfilesDemoApplication}', contextInitializerClasses = '[]', activeProfiles = '{}', propertySourceLocations = '{}', propertySourceProperties = '{org.springframework.boot.test.context.SpringBootTestContextBootstrapper=true}', contextCustomizers = set[org.springframework.boot.test.autoconfigure.properties.PropertyMappingContextCustomizer@0, org.springframework.boot.test.autoconfigure.web.servlet.WebDriverContextCustomizerFactory$Customizer@1b21c7d, org.springframework.boot.test.context.filter.ExcludeFilterContextCustomizer@1a4f60, org.springframework.boot.test.json.DuplicateJsonObjectContextCustomizerFactory$DuplicateJsonObjectContextCustomizer@1595f4d, org.springframework.boot.test.mock.mockito.MockitoContextCustomizer@0, org.springframework.boot.test.web.client.TestRestTemplateContextCustomizer@2f03cd], resourceBasePath = 'src/main/webapp', contextLoader = 'org.springframework.boot.test.context.SpringBootContextLoader', parent = [null]], attributes = map['org.springframework.test.context.web.ServletTestExecutionListener.activateListener' -> true]], class annotated with @DirtiesContext [false] with mode [null].
12:25:28.935 [Test worker] DEBUG org.springframework.test.annotation.ProfileValueUtils - Retrieved @ProfileValueSourceConfiguration [null] for test class [com.gl.profilesDemo.ProfilesDemoApplicationTests]
12:25:28.935 [Test worker] DEBUG org.springframework.test.annotation.ProfileValueUtils - Retrieved ProfileValueSource type [class org.springframework.test.annotation.SystemProfileValueSource] for class [com.gl.profilesDemo.ProfilesDemoApplicationTests]
12:25:28.969 [Test worker] DEBUG org.springframework.test.context.support.TestPropertySourceUtils - Adding inlined properties to environment: {spring.jmx.enabled=false, org.springframework.boot.test.context.SpringBootTestContextBootstrapper=true, server.port=-1}

  .   ____          _            __ _ _
 /\\ / ___'_ __ _ _(_)_ __  __ _ \ \ \ \
( ( )\___ | '_ | '_| | '_ \/ _` | \ \ \ \
 \\/  ___)| |_)| | | | | || (_| |  ) ) ) )
  '  |____| .__|_| |_|_| |_\__, | / / / /
 =========|_|==============|___/=/_/_/_/
 :: Spring Boot ::        (v2.1.6.RELEASE)

2023-07-22 12:25:29.610  INFO 17096 --- [    Test worker] c.g.p.ProfilesDemoApplicationTests       : Starting ProfilesDemoApplicationTests on DESKTOP-TDF8R4M with PID 17096 (started by DELL in F:\Microservices_GreenLearner\profilesDemo)
2023-07-22 12:25:29.611  INFO 17096 --- [    Test worker] c.g.p.ProfilesDemoApplicationTests       : The following profiles are active: test

Test environment stuff
EnvDetails{appServerName='jboss', appServerDetail='this is jboss for test', dbUrl='jdbc:mysql://localhost:3306/rock', dbUser='mysql', dbPassword='arvsd'}
2023-07-22 12:25:32.180  INFO 17096 --- [    Test worker] o.s.s.concurrent.ThreadPoolTaskExecutor  : Initializing ExecutorService 'applicationTaskExecutor'
2023-07-22 12:25:32.665  INFO 17096 --- [    Test worker] c.g.p.ProfilesDemoApplicationTests       : Started ProfilesDemoApplicationTests in 3.681 seconds (JVM running for 7.285)
]]></system-out>
  <system-err><![CDATA[]]></system-err>
</testsuite>
